<?xml version="1.0" encoding="UTF-8"?>
<coverage generated="1565523893567" clover="3.2.0">
  <project timestamp="1565523893567" name="All files">
    <metrics statements="26" coveredstatements="23" conditionals="6" coveredconditionals="4" methods="6" coveredmethods="5" elements="38" coveredelements="32" complexity="0" loc="26" ncloc="26" packages="2" files="3" classes="3"/>
    <package name="components">
      <metrics statements="25" coveredstatements="22" conditionals="6" coveredconditionals="4" methods="5" coveredmethods="4"/>
      <file name="Cell.jsx" path="/Users/adrian/work/pronounce-web/src/components/Cell.jsx">
        <metrics statements="9" coveredstatements="6" conditionals="4" coveredconditionals="2" methods="3" coveredmethods="2"/>
        <line num="9" count="2" type="stmt"/>
        <line num="15" count="2" type="stmt"/>
        <line num="17" count="2" type="stmt"/>
        <line num="18" count="0" type="stmt"/>
        <line num="19" count="0" type="cond" truecount="0" falsecount="2"/>
        <line num="20" count="0" type="stmt"/>
        <line num="27" count="2" type="stmt"/>
        <line num="28" count="2" type="cond" truecount="2" falsecount="0"/>
        <line num="30" count="2" type="stmt"/>
      </file>
      <file name="SplitHilite.jsx" path="/Users/adrian/work/pronounce-web/src/components/SplitHilite.jsx">
        <metrics statements="16" coveredstatements="16" conditionals="2" coveredconditionals="2" methods="2" coveredmethods="2"/>
        <line num="6" count="3" type="stmt"/>
        <line num="11" count="3" type="stmt"/>
        <line num="13" count="3" type="stmt"/>
        <line num="14" count="3" type="stmt"/>
        <line num="15" count="3" type="stmt"/>
        <line num="16" count="3" type="stmt"/>
        <line num="18" count="3" type="stmt"/>
        <line num="19" count="7" type="stmt"/>
        <line num="20" count="7" type="cond" truecount="2" falsecount="0"/>
        <line num="21" count="2" type="stmt"/>
        <line num="22" count="2" type="stmt"/>
        <line num="27" count="2" type="stmt"/>
        <line num="29" count="5" type="stmt"/>
        <line num="31" count="7" type="stmt"/>
        <line num="33" count="3" type="stmt"/>
        <line num="35" count="3" type="stmt"/>
      </file>
    </package>
    <package name="utils">
      <metrics statements="1" coveredstatements="1" conditionals="0" coveredconditionals="0" methods="1" coveredmethods="1"/>
      <file name="utils.js" path="/Users/adrian/work/pronounce-web/src/utils/utils.js">
        <metrics statements="1" coveredstatements="1" conditionals="0" coveredconditionals="0" methods="1" coveredmethods="1"/>
        <line num="1" count="1" type="stmt"/>
      </file>
    </package>
  </project>
</coverage>
