{"/Users/adrian/work/pronounce-web/src/components/Cell.jsx": {"path":"/Users/adrian/work/pronounce-web/src/components/Cell.jsx","statementMap":{"0":{"start":{"line":9,"column":18},"end":{"line":12,"column":3}},"1":{"start":{"line":9,"column":39},"end":{"line":12,"column":1}},"2":{"start":{"line":15,"column":18},"end":{"line":15,"column":34}},"3":{"start":{"line":17,"column":22},"end":{"line":25,"column":3}},"4":{"start":{"line":18,"column":4},"end":{"line":18,"column":23}},"5":{"start":{"line":19,"column":4},"end":{"line":19,"column":35}},"6":{"start":{"line":19,"column":28},"end":{"line":19,"column":35}},"7":{"start":{"line":20,"column":4},"end":{"line":24,"column":7}},"8":{"start":{"line":27,"column":31},"end":{"line":27,"column":36}},"9":{"start":{"line":28,"column":22},"end":{"line":28,"column":73}},"10":{"start":{"line":30,"column":2},"end":{"line":36,"column":4}}},"fnMap":{"0":{"name":"(anonymous_0)","decl":{"start":{"line":9,"column":29},"end":{"line":9,"column":30}},"loc":{"start":{"line":9,"column":39},"end":{"line":12,"column":1}},"line":9},"1":{"name":"Cell","decl":{"start":{"line":14,"column":9},"end":{"line":14,"column":13}},"loc":{"start":{"line":14,"column":21},"end":{"line":37,"column":1}},"line":14},"2":{"name":"(anonymous_2)","decl":{"start":{"line":17,"column":22},"end":{"line":17,"column":23}},"loc":{"start":{"line":17,"column":27},"end":{"line":25,"column":3}},"line":17}},"branchMap":{"0":{"loc":{"start":{"line":19,"column":4},"end":{"line":19,"column":35}},"type":"if","locations":[{"start":{"line":19,"column":4},"end":{"line":19,"column":35}},{"start":{"line":19,"column":4},"end":{"line":19,"column":35}}],"line":19},"1":{"loc":{"start":{"line":28,"column":22},"end":{"line":28,"column":73}},"type":"cond-expr","locations":[{"start":{"line":28,"column":31},"end":{"line":28,"column":58}},{"start":{"line":28,"column":61},"end":{"line":28,"column":73}}],"line":28}},"s":{"0":1,"1":3,"2":4,"3":4,"4":2,"5":2,"6":1,"7":1,"8":4,"9":4,"10":4},"f":{"0":3,"1":4,"2":2},"b":{"0":[1,1],"1":[3,1]},"_coverageSchema":"43e27e138ebf9cfc5966b082cf9a028302ed4184","hash":"ea87321103b652c2e85c5e9a1180a7910b97ca8a"}
,"/Users/adrian/work/pronounce-web/src/components/SplitHilite.jsx": {"path":"/Users/adrian/work/pronounce-web/src/components/SplitHilite.jsx","statementMap":{"0":{"start":{"line":6,"column":18},"end":{"line":8,"column":3}},"1":{"start":{"line":6,"column":39},"end":{"line":8,"column":1}},"2":{"start":{"line":11,"column":18},"end":{"line":11,"column":34}},"3":{"start":{"line":13,"column":18},"end":{"line":13,"column":23}},"4":{"start":{"line":14,"column":19},"end":{"line":14,"column":35}},"5":{"start":{"line":15,"column":14},"end":{"line":15,"column":16}},"6":{"start":{"line":16,"column":14},"end":{"line":16,"column":15}},"7":{"start":{"line":18,"column":2},"end":{"line":32,"column":28}},"8":{"start":{"line":19,"column":13},"end":{"line":19,"column":29}},"9":{"start":{"line":20,"column":4},"end":{"line":30,"column":5}},"10":{"start":{"line":21,"column":18},"end":{"line":21,"column":34}},"11":{"start":{"line":22,"column":6},"end":{"line":26,"column":8}},"12":{"start":{"line":27,"column":6},"end":{"line":27,"column":23}},"13":{"start":{"line":29,"column":6},"end":{"line":29,"column":56}},"14":{"start":{"line":31,"column":4},"end":{"line":31,"column":12}},"15":{"start":{"line":33,"column":2},"end":{"line":33,"column":16}},"16":{"start":{"line":35,"column":2},"end":{"line":35,"column":13}}},"fnMap":{"0":{"name":"(anonymous_0)","decl":{"start":{"line":6,"column":29},"end":{"line":6,"column":30}},"loc":{"start":{"line":6,"column":39},"end":{"line":8,"column":1}},"line":6},"1":{"name":"SplitHilite","decl":{"start":{"line":10,"column":9},"end":{"line":10,"column":20}},"loc":{"start":{"line":10,"column":28},"end":{"line":36,"column":1}},"line":10}},"branchMap":{"0":{"loc":{"start":{"line":20,"column":4},"end":{"line":30,"column":5}},"type":"if","locations":[{"start":{"line":20,"column":4},"end":{"line":30,"column":5}},{"start":{"line":20,"column":4},"end":{"line":30,"column":5}}],"line":20}},"s":{"0":2,"1":4,"2":5,"3":5,"4":5,"5":5,"6":5,"7":5,"8":9,"9":9,"10":2,"11":2,"12":2,"13":7,"14":9,"15":5,"16":5},"f":{"0":4,"1":5},"b":{"0":[2,7]},"_coverageSchema":"43e27e138ebf9cfc5966b082cf9a028302ed4184","hash":"c39b37fe877705c1da2beb6517cdfd6d1293ada6"}
,"/Users/adrian/work/pronounce-web/src/utils/utils.js": {"path":"/Users/adrian/work/pronounce-web/src/utils/utils.js","statementMap":{"0":{"start":{"line":1,"column":26},"end":{"line":1,"column":76}},"1":{"start":{"line":1,"column":33},"end":{"line":1,"column":76}}},"fnMap":{"0":{"name":"(anonymous_0)","decl":{"start":{"line":1,"column":26},"end":{"line":1,"column":27}},"loc":{"start":{"line":1,"column":33},"end":{"line":1,"column":76}},"line":1}},"branchMap":{},"s":{"0":1,"1":1},"f":{"0":1},"b":{},"_coverageSchema":"43e27e138ebf9cfc5966b082cf9a028302ed4184","hash":"2c4c094c215fb800013b8530fd2c7081066b8a42"}
}
