TN:
SF:/Users/adrian/work/pronounce-web/src/components/Cell.jsx
FN:9,(anonymous_0)
FN:14,Cell
FN:17,(anonymous_2)
FNF:3
FNH:2
FNDA:2,(anonymous_0)
FNDA:2,Cell
FNDA:0,(anonymous_2)
DA:9,2
DA:15,2
DA:17,2
DA:18,0
DA:19,0
DA:20,0
DA:27,2
DA:28,2
DA:30,2
LF:9
LH:6
BRDA:19,0,0,0
BRDA:19,0,1,0
BRDA:28,1,0,1
BRDA:28,1,1,1
BRF:4
BRH:2
end_of_record
TN:
SF:/Users/adrian/work/pronounce-web/src/components/SplitHilite.jsx
FN:6,(anonymous_0)
FN:10,SplitHilite
FNF:2
FNH:2
FNDA:3,(anonymous_0)
FNDA:3,SplitHilite
DA:6,3
DA:11,3
DA:13,3
DA:14,3
DA:15,3
DA:16,3
DA:18,3
DA:19,7
DA:20,7
DA:21,2
DA:22,2
DA:27,2
DA:29,5
DA:31,7
DA:33,3
DA:35,3
LF:16
LH:16
BRDA:20,0,0,2
BRDA:20,0,1,5
BRF:2
BRH:2
end_of_record
TN:
SF:/Users/adrian/work/pronounce-web/src/utils/utils.js
FN:1,(anonymous_0)
FNF:1
FNH:1
FNDA:1,(anonymous_0)
DA:1,1
LF:1
LH:1
BRF:0
BRH:0
end_of_record
