TN:
SF:/Users/adrian/work/pronounce-web/src/components/Cell.jsx
FN:9,(anonymous_0)
FN:14,Cell
FN:17,(anonymous_2)
FNF:3
FNH:3
FNDA:3,(anonymous_0)
FNDA:4,Cell
FNDA:2,(anonymous_2)
DA:9,3
DA:15,4
DA:17,4
DA:18,2
DA:19,2
DA:20,1
DA:27,4
DA:28,4
DA:30,4
LF:9
LH:9
BRDA:19,0,0,1
BRDA:19,0,1,1
BRDA:28,1,0,3
BRDA:28,1,1,1
BRF:4
BRH:4
end_of_record
TN:
SF:/Users/adrian/work/pronounce-web/src/components/SplitHilite.jsx
FN:6,(anonymous_0)
FN:10,SplitHilite
FNF:2
FNH:2
FNDA:4,(anonymous_0)
FNDA:5,SplitHilite
DA:6,4
DA:11,5
DA:13,5
DA:14,5
DA:15,5
DA:16,5
DA:18,5
DA:19,9
DA:20,9
DA:21,2
DA:22,2
DA:27,2
DA:29,7
DA:31,9
DA:33,5
DA:35,5
LF:16
LH:16
BRDA:20,0,0,2
BRDA:20,0,1,7
BRF:2
BRH:2
end_of_record
TN:
SF:/Users/adrian/work/pronounce-web/src/utils/utils.js
FN:1,(anonymous_0)
FNF:1
FNH:1
FNDA:1,(anonymous_0)
DA:1,1
LF:1
LH:1
BRF:0
BRH:0
end_of_record
